mode: set
github.com/ropel12/project-3/app/features/user/service/service.go:32.80,34.2 1 1
github.com/ropel12/project-3/app/features/user/service/service.go:36.77,37.48 1 1
github.com/ropel12/project-3/app/features/user/service/service.go:41.2,42.16 2 1
github.com/ropel12/project-3/app/features/user/service/service.go:45.2,45.75 1 1
github.com/ropel12/project-3/app/features/user/service/service.go:49.2,49.26 1 1
github.com/ropel12/project-3/app/features/user/service/service.go:37.48,40.3 2 1
github.com/ropel12/project-3/app/features/user/service/service.go:42.16,44.3 1 1
github.com/ropel12/project-3/app/features/user/service/service.go:45.75,48.3 2 1
github.com/ropel12/project-3/app/features/user/service/service.go:52.76,53.48 1 1
github.com/ropel12/project-3/app/features/user/service/service.go:57.2,58.16 2 1
github.com/ropel12/project-3/app/features/user/service/service.go:61.2,62.16 2 1
github.com/ropel12/project-3/app/features/user/service/service.go:66.2,74.16 3 1
github.com/ropel12/project-3/app/features/user/service/service.go:77.2,77.12 1 1
github.com/ropel12/project-3/app/features/user/service/service.go:53.48,56.3 2 1
github.com/ropel12/project-3/app/features/user/service/service.go:58.16,60.3 1 1
github.com/ropel12/project-3/app/features/user/service/service.go:62.16,65.3 2 1
github.com/ropel12/project-3/app/features/user/service/service.go:74.16,76.3 1 1
github.com/ropel12/project-3/app/features/user/service/service.go:80.110,81.24 1 1
github.com/ropel12/project-3/app/features/user/service/service.go:89.2,89.21 1 1
github.com/ropel12/project-3/app/features/user/service/service.go:95.2,95.17 1 1
github.com/ropel12/project-3/app/features/user/service/service.go:104.2,113.16 4 1
github.com/ropel12/project-3/app/features/user/service/service.go:116.2,116.17 1 1
github.com/ropel12/project-3/app/features/user/service/service.go:81.24,83.17 2 1
github.com/ropel12/project-3/app/features/user/service/service.go:87.3,87.26 1 1
github.com/ropel12/project-3/app/features/user/service/service.go:83.17,86.4 2 1
github.com/ropel12/project-3/app/features/user/service/service.go:89.21,91.17 2 1
github.com/ropel12/project-3/app/features/user/service/service.go:91.17,93.4 1 1
github.com/ropel12/project-3/app/features/user/service/service.go:95.17,97.64 2 1
github.com/ropel12/project-3/app/features/user/service/service.go:101.3,102.15 2 1
github.com/ropel12/project-3/app/features/user/service/service.go:97.64,100.4 2 1
github.com/ropel12/project-3/app/features/user/service/service.go:113.16,115.3 1 1
github.com/ropel12/project-3/app/features/user/service/service.go:119.58,123.16 4 1
github.com/ropel12/project-3/app/features/user/service/service.go:126.2,126.12 1 1
github.com/ropel12/project-3/app/features/user/service/service.go:123.16,125.3 1 1
github.com/ropel12/project-3/app/features/user/service/service.go:129.79,131.16 2 1
github.com/ropel12/project-3/app/features/user/service/service.go:134.2,134.17 1 1
github.com/ropel12/project-3/app/features/user/service/service.go:131.16,133.3 1 1
github.com/ropel12/project-3/app/features/event/service/service.go:39.83,45.2 1 1
github.com/ropel12/project-3/app/features/event/service/service.go:47.101,48.48 1 1
github.com/ropel12/project-3/app/features/event/service/service.go:55.2,55.62 1 1
github.com/ropel12/project-3/app/features/event/service/service.go:58.2,72.16 3 1
github.com/ropel12/project-3/app/features/event/service/service.go:76.2,76.17 1 1
github.com/ropel12/project-3/app/features/event/service/service.go:48.48,51.3 2 1
github.com/ropel12/project-3/app/features/event/service/service.go:55.62,57.3 1 1
github.com/ropel12/project-3/app/features/event/service/service.go:72.16,74.3 1 1
github.com/ropel12/project-3/app/features/event/service/service.go:79.94,82.16 3 1
github.com/ropel12/project-3/app/features/event/service/service.go:85.2,91.27 7 1
github.com/ropel12/project-3/app/features/event/service/service.go:104.2,105.17 2 1
github.com/ropel12/project-3/app/features/event/service/service.go:82.16,84.3 1 1
github.com/ropel12/project-3/app/features/event/service/service.go:91.27,103.3 11 1
github.com/ropel12/project-3/app/features/event/service/service.go:108.68,109.74 1 1
github.com/ropel12/project-3/app/features/event/service/service.go:112.2,112.12 1 1
github.com/ropel12/project-3/app/features/event/service/service.go:109.74,111.3 1 1
github.com/ropel12/project-3/app/features/event/service/service.go:115.103,118.16 3 1
github.com/ropel12/project-3/app/features/event/service/service.go:121.2,127.27 7 1
github.com/ropel12/project-3/app/features/event/service/service.go:140.2,141.17 2 1
github.com/ropel12/project-3/app/features/event/service/service.go:118.16,120.3 1 1
github.com/ropel12/project-3/app/features/event/service/service.go:127.27,139.3 11 1
github.com/ropel12/project-3/app/features/event/service/service.go:144.90,146.16 2 1
github.com/ropel12/project-3/app/features/event/service/service.go:149.2,165.12 7 1
github.com/ropel12/project-3/app/features/event/service/service.go:178.2,178.12 1 1
github.com/ropel12/project-3/app/features/event/service/service.go:191.2,191.12 1 1
github.com/ropel12/project-3/app/features/event/service/service.go:203.2,207.52 5 1
github.com/ropel12/project-3/app/features/event/service/service.go:146.16,148.3 1 1
github.com/ropel12/project-3/app/features/event/service/service.go:165.12,167.33 2 1
github.com/ropel12/project-3/app/features/event/service/service.go:167.33,168.42 1 1
github.com/ropel12/project-3/app/features/event/service/service.go:168.42,175.5 2 1
github.com/ropel12/project-3/app/features/event/service/service.go:178.12,180.26 2 1
github.com/ropel12/project-3/app/features/event/service/service.go:180.26,181.35 1 1
github.com/ropel12/project-3/app/features/event/service/service.go:181.35,188.5 2 1
github.com/ropel12/project-3/app/features/event/service/service.go:191.12,193.26 2 1
github.com/ropel12/project-3/app/features/event/service/service.go:193.26,194.35 1 1
github.com/ropel12/project-3/app/features/event/service/service.go:194.35,200.5 2 1
github.com/ropel12/project-3/app/features/event/service/service.go:210.101,211.48 1 1
github.com/ropel12/project-3/app/features/event/service/service.go:215.2,215.17 1 1
github.com/ropel12/project-3/app/features/event/service/service.go:221.2,233.32 3 1
github.com/ropel12/project-3/app/features/event/service/service.go:241.2,244.16 4 1
github.com/ropel12/project-3/app/features/event/service/service.go:247.2,247.29 1 1
github.com/ropel12/project-3/app/features/event/service/service.go:211.48,214.3 2 1
github.com/ropel12/project-3/app/features/event/service/service.go:215.17,216.63 1 1
github.com/ropel12/project-3/app/features/event/service/service.go:216.63,219.4 2 1
github.com/ropel12/project-3/app/features/event/service/service.go:233.32,240.3 3 1
github.com/ropel12/project-3/app/features/event/service/service.go:244.16,246.3 1 1
github.com/ropel12/project-3/app/features/event/service/service.go:249.94,250.48 1 1
github.com/ropel12/project-3/app/features/event/service/service.go:256.2,257.16 2 1
github.com/ropel12/project-3/app/features/event/service/service.go:260.2,260.30 1 1
github.com/ropel12/project-3/app/features/event/service/service.go:250.48,252.3 1 1
github.com/ropel12/project-3/app/features/event/service/service.go:257.16,259.3 1 1
github.com/ropel12/project-3/app/features/event/service/service.go:263.92,264.48 1 1
github.com/ropel12/project-3/app/features/event/service/service.go:267.2,268.16 2 1
github.com/ropel12/project-3/app/features/event/service/service.go:271.2,271.30 1 1
github.com/ropel12/project-3/app/features/event/service/service.go:264.48,266.3 1 1
github.com/ropel12/project-3/app/features/event/service/service.go:268.16,270.3 1 1
github.com/ropel12/project-3/app/features/event/service/service.go:274.78,276.16 2 1
github.com/ropel12/project-3/app/features/event/service/service.go:279.2,279.30 1 1
github.com/ropel12/project-3/app/features/event/service/service.go:276.16,278.3 1 1
github.com/ropel12/project-3/app/features/event/service/service.go:282.86,283.48 1 1
github.com/ropel12/project-3/app/features/event/service/service.go:287.2,288.16 2 1
github.com/ropel12/project-3/app/features/event/service/service.go:291.2,291.30 1 1
github.com/ropel12/project-3/app/features/event/service/service.go:283.48,286.3 2 1
github.com/ropel12/project-3/app/features/event/service/service.go:288.16,290.3 1 1
github.com/ropel12/project-3/app/features/transaction/service/service.go:40.128,47.2 1 1
github.com/ropel12/project-3/app/features/transaction/service/service.go:49.81,50.48 1 1
github.com/ropel12/project-3/app/features/transaction/service/service.go:53.2,58.71 2 1
github.com/ropel12/project-3/app/features/transaction/service/service.go:61.2,61.12 1 1
github.com/ropel12/project-3/app/features/transaction/service/service.go:50.48,52.3 1 1
github.com/ropel12/project-3/app/features/transaction/service/service.go:58.71,60.3 1 1
github.com/ropel12/project-3/app/features/transaction/service/service.go:64.87,67.16 3 1
github.com/ropel12/project-3/app/features/transaction/service/service.go:70.2,71.27 2 1
github.com/ropel12/project-3/app/features/transaction/service/service.go:84.2,88.18 2 1
github.com/ropel12/project-3/app/features/transaction/service/service.go:67.16,69.3 1 1
github.com/ropel12/project-3/app/features/transaction/service/service.go:71.27,83.3 4 1
github.com/ropel12/project-3/app/features/transaction/service/service.go:91.115,92.48 1 1
github.com/ropel12/project-3/app/features/transaction/service/service.go:95.2,101.12 7 1
github.com/ropel12/project-3/app/features/transaction/service/service.go:115.2,115.12 1 1
github.com/ropel12/project-3/app/features/transaction/service/service.go:126.2,127.92 2 1
github.com/ropel12/project-3/app/features/transaction/service/service.go:130.2,147.15 5 1
github.com/ropel12/project-3/app/features/transaction/service/service.go:166.2,179.85 2 1
github.com/ropel12/project-3/app/features/transaction/service/service.go:189.2,196.18 2 1
github.com/ropel12/project-3/app/features/transaction/service/service.go:92.48,94.3 1 1
github.com/ropel12/project-3/app/features/transaction/service/service.go:101.12,103.40 2 1
github.com/ropel12/project-3/app/features/transaction/service/service.go:103.40,113.4 4 1
github.com/ropel12/project-3/app/features/transaction/service/service.go:115.12,117.39 2 1
github.com/ropel12/project-3/app/features/transaction/service/service.go:117.39,124.4 2 1
github.com/ropel12/project-3/app/features/transaction/service/service.go:127.92,129.3 1 1
github.com/ropel12/project-3/app/features/transaction/service/service.go:147.15,149.17 2 1
github.com/ropel12/project-3/app/features/transaction/service/service.go:152.3,152.23 1 1
github.com/ropel12/project-3/app/features/transaction/service/service.go:155.3,158.32 4 1
github.com/ropel12/project-3/app/features/transaction/service/service.go:149.17,151.4 1 1
github.com/ropel12/project-3/app/features/transaction/service/service.go:152.23,154.4 1 1
github.com/ropel12/project-3/app/features/transaction/service/service.go:159.8,164.3 4 1
github.com/ropel12/project-3/app/features/transaction/service/service.go:179.85,181.3 1 1
github.com/ropel12/project-3/app/features/transaction/service/service.go:199.87,201.101 1 1
github.com/ropel12/project-3/app/features/transaction/service/service.go:226.2,226.12 1 1
github.com/ropel12/project-3/app/features/transaction/service/service.go:201.101,203.3 1 1
github.com/ropel12/project-3/app/features/transaction/service/service.go:229.105,231.16 2 1
github.com/ropel12/project-3/app/features/transaction/service/service.go:234.2,246.67 5 1
github.com/ropel12/project-3/app/features/transaction/service/service.go:252.2,253.44 2 1
github.com/ropel12/project-3/app/features/transaction/service/service.go:262.2,268.18 5 1
github.com/ropel12/project-3/app/features/transaction/service/service.go:231.16,233.3 1 1
github.com/ropel12/project-3/app/features/transaction/service/service.go:246.67,247.30 1 1
github.com/ropel12/project-3/app/features/transaction/service/service.go:247.30,250.4 2 1
github.com/ropel12/project-3/app/features/transaction/service/service.go:253.44,261.3 2 1
github.com/ropel12/project-3/app/features/transaction/service/service.go:270.108,273.16 3 1
github.com/ropel12/project-3/app/features/transaction/service/service.go:276.2,279.67 4 1
github.com/ropel12/project-3/app/features/transaction/service/service.go:286.2,287.27 2 1
github.com/ropel12/project-3/app/features/transaction/service/service.go:299.2,304.18 4 1
github.com/ropel12/project-3/app/features/transaction/service/service.go:273.16,275.3 1 1
github.com/ropel12/project-3/app/features/transaction/service/service.go:279.67,280.25 1 1
github.com/ropel12/project-3/app/features/transaction/service/service.go:280.25,283.4 2 1
github.com/ropel12/project-3/app/features/transaction/service/service.go:287.27,298.3 2 1
github.com/ropel12/project-3/app/features/transaction/service/service.go:307.106,308.45 1 1
github.com/ropel12/project-3/app/features/transaction/service/service.go:311.2,312.16 2 1
github.com/ropel12/project-3/app/features/transaction/service/service.go:315.2,318.66 4 1
github.com/ropel12/project-3/app/features/transaction/service/service.go:324.2,325.27 2 1
github.com/ropel12/project-3/app/features/transaction/service/service.go:332.2,337.23 4 1
github.com/ropel12/project-3/app/features/transaction/service/service.go:308.45,310.3 1 1
github.com/ropel12/project-3/app/features/transaction/service/service.go:312.16,314.3 1 1
github.com/ropel12/project-3/app/features/transaction/service/service.go:318.66,319.29 1 1
github.com/ropel12/project-3/app/features/transaction/service/service.go:319.29,322.4 2 1
github.com/ropel12/project-3/app/features/transaction/service/service.go:325.27,331.3 2 1
github.com/ropel12/project-3/app/features/transaction/service/service.go:339.106,341.16 2 1
github.com/ropel12/project-3/app/features/transaction/service/service.go:344.2,347.74 4 1
github.com/ropel12/project-3/app/features/transaction/service/service.go:355.2,356.44 2 1
github.com/ropel12/project-3/app/features/transaction/service/service.go:367.2,372.18 4 1
github.com/ropel12/project-3/app/features/transaction/service/service.go:341.16,343.3 1 1
github.com/ropel12/project-3/app/features/transaction/service/service.go:347.74,348.31 1 1
github.com/ropel12/project-3/app/features/transaction/service/service.go:348.31,349.33 1 1
github.com/ropel12/project-3/app/features/transaction/service/service.go:352.4,352.13 1 1
github.com/ropel12/project-3/app/features/transaction/service/service.go:349.33,351.5 1 1
github.com/ropel12/project-3/app/features/transaction/service/service.go:356.44,366.3 2 1
github.com/ropel12/project-3/app/features/transaction/service/service.go:375.70,376.74 1 1
github.com/ropel12/project-3/app/features/transaction/service/service.go:379.2,379.12 1 1
github.com/ropel12/project-3/app/features/transaction/service/service.go:376.74,378.3 1 1
