{"level":"info","msg":"Starting server on port 8000","time":"2023-04-24T10:36:28+07:00"}
{"level":"info","msg":"Shutting down server","time":"2023-04-24T10:37:11+07:00"}
'field list'","time":"2023-04-24T09:56:12+07:00"}
{"level":"info","msg":"Shutting down server","time":"2023-04-24T09:56:26+07:00"}
0, 0, 0, 0, time.UTC), DeletedAt:gorm.DeletedAt{Time:time.Date(1, time.January, 1, 0, 0, 0, 0, time.UTC), Valid:false}}, Name:\"satrio\", Email:\"\", Password:\"\", Address:\"\", Image:\"default.jpg\", Events:[]entities.Event(nil), CommentUsers:[]entities.CommentUser(nil)}, make sure foreign fields exists","time":"2023-04-23T22:01:42+07:00"}
{"level":"info","msg":"Shutting down server","time":"2023-04-23T22:01:47+07:00"}
"info","msg":"Shutting down server","time":"2023-04-23T21:57:31+07:00"}
e\":\"2023-05-02T17:34:05+07:00\",\"Quota\":60,\"Location\":\"senayan\",\"Detail\":\"jakarta\",\"Image\":\"jakarta.jpg\",\"HostedBy\":\"ropel\",\"UserID\":1,\"Types\":null,\"Participants\":null}] ex 7200: OK","time":"2023-04-23T01:07:00+07:00"}
{"level":"info","msg":"Shutting down server","time":"2023-04-23T01:07:36+07:00"}
\":\"Dota  2\",\"StartDate\":\"2023-05-02T15:04:05+07:00\",\"Duration\":2.5,\"EndDate\":\"2023-05-02T17:34:05+07:00\",\"Quota\":60,\"Location\":\"senayan\",\"Detail\":\"jakarta\",\"Image\":\"jakarta.jpg\",\"HostedBy\":\"ropel\",\"UserID\":1,\"Types\":null,\"Participants\":null}] ex 7200: OK","time":"2023-04-23T01:01:32+07:00"}
{"level":"info","msg":"Shutting down server","time":"2023-04-23T01:02:38+07:00"}
\":\"Dota  2\",\"StartDate\":\"2023-05-02T15:04:05+07:00\",\"Duration\":2.5,\"EndDate\":\"2023-05-02T17:34:05+07:00\",\"Quota\":60,\"Location\":\"senayan\",\"Detail\":\"jakarta\",\"Image\":\"jakarta.jpg\",\"HostedBy\":\"ropel\",\"UserID\":1,\"Types\":null,\"Participants\":null},{\"ID\":1,\"CreatedAt\":\"2023-04-23T00:21:08.358+07:00\",\"UpdatedAt\":\"2023-04-23T00:21:08.358+07:00\",\"DeletedAt\":null,\"Name\":\"Dota  2\",\"StartDate\":\"2023-05-02T15:04:05+07:00\",\"Duration\":2.5,\"EndDate\":\"2023-05-02T17:34:05+07:00\",\"Quota\":60,\"Location\":\"senayan\",\"Detail\":\"jakarta\",\"Image\":\"jakarta.jpg\",\"HostedBy\":\"ropel\",\"UserID\":1,\"Types\":null,\"Participants\":null}] ex 7200: OK","time":"2023-04-23T00:58:57+07:00"}
{"level":"info","msg":"Shutting down server","time":"2023-04-23T01:00:06+07:00"}
{"level":"info","msg":"Starting server on port 8000","time":"2023-04-24T11:17:25+07:00"}
{"level":"error","msg":"error db : sql: converting argument $2 type: unsupported type func(*gorm.DB) (*gorm.DB, error), a func","time":"2023-04-24T11:17:59+07:00"}
{"level":"info","msg":"Shutting down server","time":"2023-04-24T11:20:12+07:00"}
{"level":"info","msg":"Starting server on port 8000","time":"2023-04-24T11:26:49+07:00"}
{"level":"info","msg":"Shutting down server","time":"2023-04-24T11:29:18+07:00"}
{"level":"info","msg":"Starting server on port 8000","time":"2023-04-24T11:31:17+07:00"}
{"level":"info","msg":"Shutting down server","time":"2023-04-24T11:34:29+07:00"}
{"level":"info","msg":"Starting server on port 8000","time":"2023-04-24T11:34:38+07:00"}
{"level":"info","msg":"Shutting down server","time":"2023-04-24T11:35:02+07:00"}
{"level":"info","msg":"Starting server on port 8000","time":"2023-04-24T13:10:15+07:00"}
{"level":"info","msg":"Shutting down server","time":"2023-04-24T14:31:42+07:00"}
{"level":"info","msg":"Starting server on port 8000","time":"2023-04-24T14:32:06+07:00"}
{"level":"info","msg":"Shutting down server","time":"2023-04-24T14:32:33+07:00"}
{"level":"info","msg":"Starting server on port 8000","time":"2023-04-24T14:38:23+07:00"}
{"level":"info","msg":"Shutting down server","time":"2023-04-24T14:39:08+07:00"}
{"level":"info","msg":"Starting server on port 8000","time":"2023-04-24T14:39:40+07:00"}
{"level":"info","msg":"Shutting down server","time":"2023-04-24T14:50:29+07:00"}
{"level":"info","msg":"Starting server on port 8000","time":"2023-04-24T23:31:57+07:00"}
{"level":"info","msg":"Shutting down server","time":"2023-04-24T23:33:23+07:00"}
{"level":"info","msg":"Starting server on port 8000","time":"2023-04-24T23:33:33+07:00"}
{"level":"info","msg":"Shutting down server","time":"2023-04-24T23:35:02+07:00"}
{"level":"info","msg":"Starting server on port 8000","time":"2023-04-24T23:35:55+07:00"}
{"level":"info","msg":"Shutting down server","time":"2023-04-24T23:36:40+07:00"}
{"level":"info","msg":"Starting server on port 8000","time":"2023-04-24T23:41:02+07:00"}
{"level":"info","msg":"Shutting down server","time":"2023-04-24T23:42:24+07:00"}
{"level":"info","msg":"Starting server on port 8000","time":"2023-04-24T23:43:04+07:00"}
{"level":"info","msg":"Shutting down server","time":"2023-04-24T23:43:53+07:00"}
{"level":"info","msg":"Starting server on port 8000","time":"2023-04-24T23:46:22+07:00"}
{"level":"info","msg":"Shutting down server","time":"2023-04-24T23:50:05+07:00"}
{"level":"info","msg":"Starting server on port 8000","time":"2023-04-24T23:50:48+07:00"}
{"level":"info","msg":"Shutting down server","time":"2023-04-24T23:51:37+07:00"}
{"level":"info","msg":"Starting server on port 8000","time":"2023-04-24T23:52:20+07:00"}
{"level":"info","msg":"Shutting down server","time":"2023-04-24T23:56:33+07:00"}
{"level":"info","msg":"Starting server on port 8000","time":"2023-04-24T23:56:45+07:00"}
{"level":"info","msg":"Shutting down server","time":"2023-04-24T23:59:42+07:00"}
{"level":"info","msg":"Starting server on port 8000","time":"2023-04-24T23:59:54+07:00"}
{"level":"info","msg":"Shutting down server","time":"2023-04-25T00:02:14+07:00"}
{"level":"info","msg":"Starting server on port 8000","time":"2023-04-25T00:04:41+07:00"}
{"level":"info","msg":"Shutting down server","time":"2023-04-25T00:07:40+07:00"}
{"level":"info","msg":"Starting server on port 8000","time":"2023-04-25T00:07:50+07:00"}
{"level":"info","msg":"Shutting down server","time":"2023-04-25T00:11:01+07:00"}
{"level":"info","msg":"Starting server on port 8000","time":"2023-04-25T00:11:27+07:00"}
{"level":"info","msg":"Shutting down server","time":"2023-04-25T00:13:03+07:00"}
{"level":"info","msg":"Starting server on port 8000","time":"2023-04-25T00:13:10+07:00"}
{"level":"info","msg":"Shutting down server","time":"2023-04-25T00:15:53+07:00"}
{"level":"info","msg":"Starting server on port 8000","time":"2023-04-25T00:16:03+07:00"}
{"level":"info","msg":"Shutting down server","time":"2023-04-25T00:17:24+07:00"}
{"level":"info","msg":"Starting server on port 8000","time":"2023-04-25T00:17:35+07:00"}
{"level":"info","msg":"Shutting down server","time":"2023-04-25T00:19:32+07:00"}
{"level":"info","msg":"Starting server on port 8000","time":"2023-04-25T00:19:41+07:00"}
{"level":"info","msg":"Shutting down server","time":"2023-04-25T00:20:22+07:00"}
{"level":"info","msg":"Starting server on port 8000","time":"2023-04-25T00:21:18+07:00"}
{"level":"info","msg":"Shutting down server","time":"2023-04-25T00:22:18+07:00"}
{"level":"info","msg":"Starting server on port 8000","time":"2023-04-25T00:23:22+07:00"}
{"level":"info","msg":"Shutting down server","time":"2023-04-25T00:24:52+07:00"}
{"level":"info","msg":"Starting server on port 8000","time":"2023-04-25T00:25:37+07:00"}
{"level":"info","msg":"Shutting down server","time":"2023-04-25T00:27:54+07:00"}
{"level":"info","msg":"Starting server on port 8000","time":"2023-04-25T00:28:09+07:00"}
{"level":"info","msg":"Shutting down server","time":"2023-04-25T00:29:52+07:00"}
{"level":"info","msg":"Starting server on port 8000","time":"2023-04-25T00:30:11+07:00"}
{"level":"info","msg":"Shutting down server","time":"2023-04-25T00:34:33+07:00"}
{"level":"info","msg":"Starting server on port 8000","time":"2023-04-25T00:34:43+07:00"}
{"level":"info","msg":"Shutting down server","time":"2023-04-25T00:39:01+07:00"}
{"level":"info","msg":"Starting server on port 8000","time":"2023-04-25T00:41:22+07:00"}
{"level":"info","msg":"Shutting down server","time":"2023-04-25T00:47:18+07:00"}
{"level":"info","msg":"Starting server on port 8000","time":"2023-04-25T00:54:44+07:00"}
{"level":"info","msg":"Shutting down server","time":"2023-04-25T01:02:15+07:00"}
{"level":"info","msg":"Starting server on port 8000","time":"2023-04-25T01:02:30+07:00"}
{"level":"info","msg":"Shutting down server","time":"2023-04-25T01:07:24+07:00"}
{"level":"info","msg":"Starting server on port 8000","time":"2023-04-25T01:08:32+07:00"}
{"level":"info","msg":"Shutting down server","time":"2023-04-25T01:19:04+07:00"}
{"level":"info","msg":"Starting server on port 8000","time":"2023-04-25T01:19:24+07:00"}
{"level":"info","msg":"Shutting down server","time":"2023-04-25T01:20:41+07:00"}
{"level":"info","msg":"Starting server on port 8000","time":"2023-04-25T01:21:44+07:00"}
{"level":"info","msg":"Shutting down server","time":"2023-04-25T01:22:20+07:00"}
{"level":"info","msg":"Starting server on port 8000","time":"2023-04-25T01:26:22+07:00"}
{"level":"info","msg":"Shutting down server","time":"2023-04-25T01:27:20+07:00"}
{"level":"info","msg":"Starting server on port 8000","time":"2023-04-25T01:27:36+07:00"}
{"level":"info","msg":"Shutting down server","time":"2023-04-25T01:30:21+07:00"}
{"level":"info","msg":"Starting server on port 8000","time":"2023-04-25T01:31:15+07:00"}
{"level":"info","msg":"Shutting down server","time":"2023-04-25T01:34:49+07:00"}
{"level":"info","msg":"Starting server on port 8000","time":"2023-04-25T01:48:57+07:00"}
{"level":"info","msg":"Shutting down server","time":"2023-04-25T01:50:22+07:00"}
{"level":"info","msg":"Starting server on port 8000","time":"2023-04-25T01:51:33+07:00"}
{"level":"info","msg":"Shutting down server","time":"2023-04-25T01:52:56+07:00"}
{"level":"info","msg":"Starting server on port 8000","time":"2023-04-25T16:33:29+07:00"}
{"level":"info","msg":"Shutting down server","time":"2023-04-25T17:00:06+07:00"}
{"level":"info","msg":"Starting server on port 8000","time":"2023-04-25T17:00:18+07:00"}
{"level":"info","msg":"Shutting down server","time":"2023-04-25T17:00:38+07:00"}
{"level":"info","msg":"Starting server on port 8000","time":"2023-04-25T17:01:51+07:00"}
{"level":"info","msg":"Shutting down server","time":"2023-04-25T17:02:28+07:00"}
{"level":"info","msg":"Starting server on port 8000","time":"2023-04-25T17:07:50+07:00"}
{"level":"info","msg":"Starting server on port 8000","time":"2023-04-25T17:20:44+07:00"}
{"level":"info","msg":"Shutting down server","time":"2023-04-25T17:21:21+07:00"}
{"level":"info","msg":"Starting server on port 8000","time":"2023-04-25T17:27:02+07:00"}
{"level":"info","msg":"Shutting down server","time":"2023-04-25T17:36:45+07:00"}
{"level":"info","msg":"Starting server on port 8000","time":"2023-04-25T19:03:06+07:00"}
{"level":"info","msg":"Shutting down server","time":"2023-04-25T19:05:40+07:00"}
{"level":"info","msg":"Starting server on port 8000","time":"2023-04-25T19:05:48+07:00"}
{"level":"info","msg":"Shutting down server","time":"2023-04-25T19:06:07+07:00"}
{"level":"info","msg":"Starting server on port 8000","time":"2023-04-25T19:09:50+07:00"}
{"level":"error","msg":"Error Db : Cart data does not exist","time":"2023-04-25T19:10:04+07:00"}
{"level":"error","msg":"Error Db : Cart data does not exist","time":"2023-04-25T19:10:22+07:00"}
{"level":"error","msg":"Error Db : Cart data does not exist","time":"2023-04-25T19:10:25+07:00"}
{"level":"error","msg":"Error Db : Cart data does not exist","time":"2023-04-25T19:10:27+07:00"}
{"level":"info","msg":"Shutting down server","time":"2023-04-25T19:10:30+07:00"}
{"level":"info","msg":"Starting server on port 8000","time":"2023-04-25T19:27:38+07:00"}
{"level":"error","msg":"Error Db : Cart data does not exist","time":"2023-04-25T19:28:13+07:00"}
{"level":"error","msg":"Error Db : Cart data does not exist","time":"2023-04-25T19:28:17+07:00"}
{"level":"error","msg":"Error Db : Cart data does not exist","time":"2023-04-25T19:28:19+07:00"}
{"level":"info","msg":"Shutting down server","time":"2023-04-25T19:28:22+07:00"}
{"level":"info","msg":"Starting server on port 8000","time":"2023-04-25T19:30:39+07:00"}
{"level":"error","msg":"Error Db : Cart data does not exist","time":"2023-04-25T19:45:02+07:00"}
{"level":"info","msg":"Shutting down server","time":"2023-04-25T19:57:03+07:00"}
{"level":"info","msg":"Starting server on port 8000","time":"2023-04-25T20:19:55+07:00"}
{"level":"error","msg":"Error Db : Cart data does not exist","time":"2023-04-25T20:20:12+07:00"}
{"level":"info","msg":"Shutting down server","time":"2023-04-25T20:33:20+07:00"}
{"level":"info","msg":"Starting server on port 80","time":"2023-04-26T00:34:33+07:00"}
{"level":"info","msg":"Shutting down server","time":"2023-04-26T00:34:59+07:00"}
{"level":"info","msg":"Starting server on port 80","time":"2023-04-26T08:25:09+07:00"}
{"level":"info","msg":"Shutting down server","time":"2023-04-26T08:25:18+07:00"}
{"level":"info","msg":"Starting server on port 8000","time":"2023-04-26T08:25:33+07:00"}
{"level":"info","msg":"Shutting down server","time":"2023-04-26T08:25:56+07:00"}
{"level":"info","msg":"Starting server on port 8000","time":"2023-04-26T08:27:31+07:00"}
{"level":"error","msg":"Error Db : Cart data does not exist","time":"2023-04-26T08:31:15+07:00"}
{"level":"error","msg":"Error Db : Cart data does not exist","time":"2023-04-26T08:31:22+07:00"}
{"level":"info","msg":"Shutting down server","time":"2023-04-26T08:32:59+07:00"}
{"level":"info","msg":"Starting server on port 8000","time":"2023-04-26T08:37:03+07:00"}
{"level":"error","msg":"Error Db : Cart data does not exist","time":"2023-04-26T08:37:16+07:00"}
{"level":"info","msg":"Shutting down server","time":"2023-04-26T08:38:06+07:00"}
{"level":"info","msg":"Starting server on port 8000","time":"2023-04-26T08:38:12+07:00"}
{"level":"error","msg":"Error Db : Cart data does not exist","time":"2023-04-26T08:38:28+07:00"}
{"level":"error","msg":"Error db : unsupported data type: map[status:Success]: Table not set, please set it like: db.Model(\u0026user) or db.Table(\"users\")","time":"2023-04-26T08:39:14+07:00"}
{"level":"info","msg":"Starting server on port 8000","time":"2023-04-26T08:41:55+07:00"}
{"level":"info","msg":"Shutting down server","time":"2023-04-26T08:43:06+07:00"}
{"level":"info","msg":"Starting server on port 8000","time":"2023-04-26T08:43:15+07:00"}
{"level":"error","msg":"Error db : unsupported data type: map[status:Success]: Table not set, please set it like: db.Model(\u0026user) or db.Table(\"users\")","time":"2023-04-26T08:44:33+07:00"}
{"level":"info","msg":"Shutting down server","time":"2023-04-26T08:51:57+07:00"}
{"level":"info","msg":"Starting server on port 8000","time":"2023-04-26T08:52:05+07:00"}
{"level":"info","msg":"Shutting down server","time":"2023-04-26T08:52:48+07:00"}
{"level":"info","msg":"Starting server on port 8000","time":"2023-04-26T08:53:00+07:00"}
{"level":"error","msg":"Error Db : Cart data does not exist","time":"2023-04-26T08:53:58+07:00"}
{"level":"error","msg":"Error db : unsupported data type: map[status:Cancel]: Table not set, please set it like: db.Model(\u0026user) or db.Table(\"users\")","time":"2023-04-26T08:54:43+07:00"}
{"level":"error","msg":"Error db : unsupported data type: map[status:Cancel]: Table not set, please set it like: db.Model(\u0026user) or db.Table(\"users\")","time":"2023-04-26T08:56:13+07:00"}
{"level":"info","msg":"Shutting down server","time":"2023-04-26T08:56:44+07:00"}
{"level":"info","msg":"Starting server on port 8000","time":"2023-04-26T08:56:52+07:00"}
{"level":"info","msg":"Shutting down server","time":"2023-04-26T08:57:04+07:00"}
{"level":"info","msg":"Starting server on port 8000","time":"2023-04-26T08:57:20+07:00"}
{"level":"error","msg":"Error db : unsupported data type: map[status:Success]: Table not set, please set it like: db.Model(\u0026user) or db.Table(\"users\")","time":"2023-04-26T09:00:12+07:00"}
{"level":"info","msg":"Shutting down server","time":"2023-04-26T09:02:04+07:00"}
{"level":"info","msg":"Starting server on port 8000","time":"2023-04-26T09:05:51+07:00"}
{"level":"info","msg":"Shutting down server","time":"2023-04-26T09:11:05+07:00"}
{"level":"info","msg":"Starting server on port 8000","time":"2023-04-26T09:11:12+07:00"}
{"level":"error","msg":"Error Db : Cart data does not exist","time":"2023-04-26T09:11:52+07:00"}
{"level":"error","msg":"Error Db : Cart data does not exist","time":"2023-04-26T09:12:04+07:00"}
{"level":"error","msg":"Error Db : Cart data does not exist","time":"2023-04-26T09:12:05+07:00"}
{"level":"error","msg":"Error Db : Cart data does not exist","time":"2023-04-26T09:12:13+07:00"}
{"level":"error","msg":"Error Db : Cart data does not exist","time":"2023-04-26T09:12:15+07:00"}
{"level":"error","msg":"Error Db : Cart data does not exist","time":"2023-04-26T09:12:16+07:00"}
{"level":"error","msg":"Error Db : Cart data does not exist","time":"2023-04-26T09:12:17+07:00"}
{"level":"error","msg":"Error Db : Cart data does not exist","time":"2023-04-26T09:18:38+07:00"}
{"level":"info","msg":"Shutting down server","time":"2023-04-26T09:25:46+07:00"}
{"level":"info","msg":"Starting server on port 8000","time":"2023-04-26T09:25:52+07:00"}
{"level":"error","msg":"Error Db : Cart data does not exist","time":"2023-04-26T09:26:17+07:00"}
{"level":"error","msg":"Error Db : Cart data does not exist","time":"2023-04-26T09:29:11+07:00"}
{"level":"error","msg":"Error Db : Cart data does not exist","time":"2023-04-26T09:30:45+07:00"}
{"level":"error","msg":"Error Db : Cart data does not exist","time":"2023-04-26T09:34:45+07:00"}
{"level":"error","msg":"Error Db : Cart data does not exist","time":"2023-04-26T09:36:27+07:00"}
{"level":"error","msg":"Error Db : Cart data does not exist","time":"2023-04-26T09:40:15+07:00"}
{"level":"error","msg":"Error Db : Cart data does not exist","time":"2023-04-26T09:43:32+07:00"}
{"level":"error","msg":"Error Db : Cart data does not exist","time":"2023-04-26T09:43:49+07:00"}
{"level":"info","msg":"Shutting down server","time":"2023-04-26T09:46:12+07:00"}
{"level":"info","msg":"Starting server on port 8000","time":"2023-04-26T09:46:50+07:00"}
{"level":"info","msg":"Shutting down server","time":"2023-04-26T10:03:17+07:00"}
{"level":"info","msg":"Starting server on port 8000","time":"2023-04-26T10:03:56+07:00"}
{"level":"error","msg":"Error Db : Cart data does not exist","time":"2023-04-26T10:04:36+07:00"}
{"level":"info","msg":"Shutting down server","time":"2023-04-26T10:10:03+07:00"}
{"level":"info","msg":"Starting server on port 8000","time":"2023-04-26T10:10:12+07:00"}
{"level":"error","msg":"Error Db : Cart data does not exist","time":"2023-04-26T10:10:34+07:00"}
{"level":"error","msg":"Error Db : Cart data does not exist","time":"2023-04-26T10:14:05+07:00"}
{"level":"error","msg":"Error Db : Cart data does not exist","time":"2023-04-26T10:59:27+07:00"}
{"level":"error","msg":"Error Db : Cart data does not exist","time":"2023-04-26T11:26:39+07:00"}
{"level":"info","msg":"Shutting down server","time":"2023-04-26T11:42:57+07:00"}
{"level":"info","msg":"Starting server on port 8000","time":"2023-04-26T11:44:53+07:00"}
{"level":"error","msg":"Error Db : Cart data does not exist","time":"2023-04-26T12:08:15+07:00"}
{"level":"info","msg":"Shutting down server","time":"2023-04-26T12:08:47+07:00"}
{"level":"info","msg":"Starting server on port 8000","time":"2023-04-26T12:09:45+07:00"}
{"level":"error","msg":"Error Db : Cart data does not exist","time":"2023-04-26T12:09:58+07:00"}
{"level":"info","msg":"Shutting down server","time":"2023-04-26T12:10:11+07:00"}
{"level":"info","msg":"Starting server on port 8000","time":"2023-04-26T12:10:27+07:00"}
{"level":"error","msg":"Error Db : Cart data does not exist","time":"2023-04-26T12:10:49+07:00"}
{"level":"error","msg":"Error Db : Cart data does not exist","time":"2023-04-26T12:12:12+07:00"}
{"level":"error","msg":"Error Db : Cart data does not exist","time":"2023-04-26T12:12:14+07:00"}
{"level":"error","msg":"Error Db : Cart data does not exist","time":"2023-04-26T12:12:15+07:00"}
{"level":"info","msg":"Shutting down server","time":"2023-04-26T12:13:06+07:00"}
{"level":"info","msg":"Starting server on port 8000","time":"2023-04-26T14:31:04+07:00"}
{"level":"info","msg":"Shutting down server","time":"2023-04-26T14:31:09+07:00"}
{"level":"info","msg":"Starting server on port 8000","time":"2023-04-26T15:51:27+07:00"}
{"level":"error","msg":"Error Db : Cart data does not exist","time":"2023-04-26T15:51:47+07:00"}
{"level":"error","msg":"Error Db : Cart data does not exist","time":"2023-04-26T15:52:34+07:00"}
{"level":"error","msg":"Error Db : Cart data does not exist","time":"2023-04-26T15:53:25+07:00"}
{"level":"error","msg":"Failed to publish to NSQ: dial tcp [::1]:4150: i/o timeout","time":"2023-04-26T15:54:35+07:00"}
{"level":"info","msg":"Shutting down server","time":"2023-04-26T15:58:12+07:00"}
{"level":"info","msg":"Starting server on port 8000","time":"2023-04-26T15:58:19+07:00"}
{"level":"error","msg":"Error Db : Cart data does not exist","time":"2023-04-26T15:59:18+07:00"}
{"level":"error","msg":"Error Db : Cart data does not exist","time":"2023-04-26T15:59:45+07:00"}
{"level":"error","msg":"Error Db : Cart data does not exist","time":"2023-04-26T16:05:13+07:00"}
{"level":"info","msg":"Shutting down server","time":"2023-04-26T16:08:03+07:00"}
{"level":"info","msg":"Starting server on port 8000","time":"2023-04-26T16:08:11+07:00"}
{"level":"info","msg":"Shutting down server","time":"2023-04-26T16:10:22+07:00"}
{"level":"info","msg":"Starting server on port 8000","time":"2023-04-26T16:10:30+07:00"}
{"level":"error","msg":"Error Db : Cart data does not exist","time":"2023-04-26T16:10:46+07:00"}
{"level":"info","msg":"Shutting down server","time":"2023-04-26T16:11:23+07:00"}
{"level":"info","msg":"Starting server on port 8000","time":"2023-04-26T16:11:52+07:00"}
{"level":"error","msg":"Error Db : Cart data does not exist","time":"2023-04-26T16:12:20+07:00"}
{"level":"info","msg":"Shutting down server","time":"2023-04-26T16:12:35+07:00"}
{"level":"info","msg":"Starting server on port 8000","time":"2023-04-26T16:13:55+07:00"}
{"level":"error","msg":"Error Db : Cart data does not exist","time":"2023-04-26T16:14:15+07:00"}
{"level":"info","msg":"Shutting down server","time":"2023-04-26T16:14:24+07:00"}
{"level":"info","msg":"Starting server on port 8000","time":"2023-04-26T16:14:54+07:00"}
{"level":"error","msg":"Error Db : Cart data does not exist","time":"2023-04-26T16:17:37+07:00"}
{"level":"info","msg":"Shutting down server","time":"2023-04-26T16:19:06+07:00"}
{"level":"info","msg":"Starting server on port 8000","time":"2023-04-26T16:19:13+07:00"}
{"level":"error","msg":"Error Db : Cart data does not exist","time":"2023-04-26T16:19:51+07:00"}
{"level":"info","msg":"Shutting down server","time":"2023-04-26T16:33:25+07:00"}
{"level":"info","msg":"Starting server on port 8000","time":"2023-04-26T16:37:28+07:00"}
{"level":"error","msg":"Error Db : Cart data does not exist","time":"2023-04-26T16:38:16+07:00"}
{"level":"info","msg":"Shutting down server","time":"2023-04-26T16:40:51+07:00"}
{"level":"info","msg":"Starting server on port 8000","time":"2023-04-26T20:42:41+07:00"}
{"level":"info","msg":"Shutting down server","time":"2023-04-26T20:42:44+07:00"}
{"level":"info","msg":"Starting server on port 8000","time":"2023-04-26T21:13:08+07:00"}
{"level":"error","msg":"Error Db : Cart data does not exist","time":"2023-04-26T21:15:06+07:00"}
{"level":"info","msg":"Shutting down server","time":"2023-04-26T21:15:17+07:00"}
{"level":"info","msg":"Starting server on port 8000","time":"2023-04-26T21:18:15+07:00"}
{"level":"error","msg":"Error Db : Cart data does not exist","time":"2023-04-26T21:18:43+07:00"}
{"level":"info","msg":"Shutting down server","time":"2023-04-26T21:19:07+07:00"}
{"level":"info","msg":"Starting server on port 8000","time":"2023-04-26T21:20:02+07:00"}
{"level":"error","msg":"Error Db : Cart data does not exist","time":"2023-04-26T21:20:17+07:00"}
{"level":"error","msg":"Error Db : Cart data does not exist","time":"2023-04-26T21:20:30+07:00"}
{"level":"info","msg":"Shutting down server","time":"2023-04-26T21:21:25+07:00"}
{"level":"info","msg":"Starting server on port 8000","time":"2023-04-26T21:29:56+07:00"}
{"level":"error","msg":"Error Db : Cart data does not exist","time":"2023-04-26T21:30:55+07:00"}
{"level":"info","msg":"Shutting down server","time":"2023-04-26T21:32:15+07:00"}
{"level":"info","msg":"Starting server on port 8000","time":"2023-04-26T21:32:40+07:00"}
{"level":"error","msg":"Error Db : Cart data does not exist","time":"2023-04-26T21:33:07+07:00"}
{"level":"error","msg":"Error Db : Cart data does not exist","time":"2023-04-26T21:33:18+07:00"}
{"level":"error","msg":"Failed to publish to NSQ: dial tcp [::1]:4150: i/o timeout","time":"2023-04-26T21:35:13+07:00"}
{"level":"error","msg":"Failed to publish to NSQ: dial tcp [::1]:4150: i/o timeout","time":"2023-04-26T21:35:25+07:00"}
{"level":"info","msg":"Shutting down server","time":"2023-04-26T21:53:16+07:00"}
{"level":"info","msg":"Starting server on port 80","time":"2023-04-27T03:34:15+07:00"}
{"level":"info","msg":"Shutting down server","time":"2023-04-27T03:34:19+07:00"}
{"level":"info","msg":"Starting server on port 8000","time":"2023-04-27T03:34:31+07:00"}
{"level":"info","msg":"Shutting down server","time":"2023-04-27T03:35:42+07:00"}
{"level":"info","msg":"Starting server on port 8000","time":"2023-04-27T03:36:05+07:00"}
{"level":"error","msg":"Error db : failed to assign association \u0026entities.TransactionItems{TransactionInvoice:\"\", TypeID:0x0, Qty:1, Price:10000, Type:entities.Type{ID:0x0, Name:\"\", Price:0, EventID:0x0, Carts:[]entities.Carts(nil), TransactionItems:[]entities.TransactionItems(nil)}}, make sure foreign fields exists","time":"2023-04-27T03:36:17+07:00"}
{"level":"info","msg":"Shutting down server","time":"2023-04-27T03:36:34+07:00"}
{"level":"info","msg":"Starting server on port 8000","time":"2023-04-27T03:39:01+07:00"}
{"level":"info","msg":"Shutting down server","time":"2023-04-27T03:40:32+07:00"}
{"level":"info","msg":"Starting server on port 8000","time":"2023-04-27T03:41:41+07:00"}
{"level":"info","msg":"Shutting down server","time":"2023-04-27T03:43:15+07:00"}
{"level":"info","msg":"Starting server on port 8000","time":"2023-04-27T03:43:42+07:00"}
{"level":"info","msg":"Shutting down server","time":"2023-04-27T03:46:00+07:00"}
{"level":"info","msg":"Starting server on port 8000","time":"2023-04-27T03:46:19+07:00"}
{"level":"info","msg":"Shutting down server","time":"2023-04-27T03:46:45+07:00"}
{"level":"info","msg":"Starting server on port 8000","time":"2023-04-27T03:47:08+07:00"}
{"level":"info","msg":"Shutting down server","time":"2023-04-27T03:47:25+07:00"}
{"level":"info","msg":"Starting server on port 8000","time":"2023-04-27T03:47:43+07:00"}
{"level":"info","msg":"Shutting down server","time":"2023-04-27T03:48:20+07:00"}
{"level":"info","msg":"Starting server on port 8000","time":"2023-04-27T03:52:04+07:00"}
{"level":"info","msg":"Shutting down server","time":"2023-04-27T03:52:41+07:00"}
{"level":"info","msg":"Starting server on port 8000","time":"2023-04-27T03:52:53+07:00"}
{"level":"info","msg":"Starting server on port 8000","time":"2023-04-27T04:00:14+07:00"}
{"level":"info","msg":"Shutting down server","time":"2023-04-27T04:01:17+07:00"}
{"level":"info","msg":"Starting server on port 8000","time":"2023-04-27T04:01:50+07:00"}
{"level":"info","msg":"Shutting down server","time":"2023-04-27T04:03:09+07:00"}
{"level":"info","msg":"Starting server on port 8000","time":"2023-04-27T04:03:17+07:00"}
{"level":"info","msg":"Shutting down server","time":"2023-04-27T04:04:18+07:00"}
{"level":"info","msg":"Starting server on port 8000","time":"2023-04-27T04:14:17+07:00"}
{"level":"info","msg":"Shutting down server","time":"2023-04-27T04:14:27+07:00"}
{"level":"info","msg":"Starting server on port 8000","time":"2023-04-27T04:14:53+07:00"}
{"level":"info","msg":"Shutting down server","time":"2023-04-27T04:19:44+07:00"}
{"level":"info","msg":"Starting server on port 8000","time":"2023-04-27T04:22:45+07:00"}
{"level":"info","msg":"Shutting down server","time":"2023-04-27T04:22:57+07:00"}
{"level":"info","msg":"Starting server on port 8000","time":"2023-04-27T04:23:30+07:00"}
{"level":"info","msg":"Shutting down server","time":"2023-04-27T04:26:32+07:00"}
{"level":"info","msg":"Starting server on port 8000","time":"2023-04-27T04:40:26+07:00"}
{"level":"info","msg":"Shutting down server","time":"2023-04-27T04:46:29+07:00"}
{"level":"info","msg":"Starting server on port 8000","time":"2023-04-27T05:20:06+07:00"}
{"level":"info","msg":"Shutting down server","time":"2023-04-27T05:20:19+07:00"}
{"level":"info","msg":"Starting server on port 8000","time":"2023-04-27T05:20:28+07:00"}
{"level":"info","msg":"Shutting down server","time":"2023-04-27T05:22:49+07:00"}
{"level":"info","msg":"Starting server on port 8000","time":"2023-04-27T20:54:34+07:00"}
{"level":"error","msg":"error db : Error 1054 (42S22): Unknown column 'paid' in 'where clause'","time":"2023-04-27T20:56:06+07:00"}
{"level":"info","msg":"Shutting down server","time":"2023-04-27T20:56:34+07:00"}
{"level":"info","msg":"Starting server on port 8000","time":"2023-04-27T20:56:45+07:00"}
{"level":"info","msg":"Shutting down server","time":"2023-04-27T20:58:32+07:00"}
{"level":"info","msg":"Starting server on port 8000","time":"2023-04-27T20:59:35+07:00"}
{"level":"info","msg":"Shutting down server","time":"2023-04-27T21:01:27+07:00"}
{"level":"info","msg":"Starting server on port 8000","time":"2023-04-27T21:01:34+07:00"}
{"level":"info","msg":"Shutting down server","time":"2023-04-27T21:04:54+07:00"}
{"level":"info","msg":"Starting server on port 8000","time":"2023-04-27T21:05:03+07:00"}
{"level":"info","msg":"Shutting down server","time":"2023-04-27T21:08:35+07:00"}
{"level":"info","msg":"Starting server on port 8000","time":"2023-04-27T21:08:59+07:00"}
{"level":"info","msg":"Shutting down server","time":"2023-04-27T21:09:44+07:00"}
{"level":"info","msg":"Starting server on port 8000","time":"2023-04-27T21:18:32+07:00"}
{"level":"info","msg":"Shutting down server","time":"2023-04-27T21:22:39+07:00"}
{"level":"info","msg":"Starting server on port 8000","time":"2023-04-27T21:23:12+07:00"}
{"level":"info","msg":"Shutting down server","time":"2023-04-27T21:24:56+07:00"}
{"level":"info","msg":"Starting server on port 8000","time":"2023-04-27T21:25:24+07:00"}
{"level":"info","msg":"Shutting down server","time":"2023-04-27T21:37:28+07:00"}
{"level":"info","msg":"Starting server on port 8000","time":"2023-04-27T21:37:36+07:00"}
{"level":"info","msg":"Shutting down server","time":"2023-04-27T21:37:39+07:00"}
{"level":"info","msg":"Starting server on port 8000","time":"2023-04-27T21:37:50+07:00"}
{"level":"info","msg":"Starting server on port 8000","time":"2023-04-27T21:39:10+07:00"}
{"level":"info","msg":"Shutting down server","time":"2023-04-27T21:39:27+07:00"}
{"level":"info","msg":"Starting server on port 8000","time":"2023-04-27T21:39:51+07:00"}
{"level":"info","msg":"Shutting down server","time":"2023-04-27T21:40:46+07:00"}
{"level":"info","msg":"Starting server on port 8000","time":"2023-04-27T21:42:11+07:00"}
{"level":"info","msg":"Shutting down server","time":"2023-04-27T21:56:35+07:00"}
{"level":"info","msg":"Starting server on port 8000","time":"2023-04-27T21:56:44+07:00"}
{"level":"info","msg":"Shutting down server","time":"2023-04-27T21:57:05+07:00"}
{"level":"info","msg":"Starting server on port 8000","time":"2023-04-27T21:58:33+07:00"}
{"level":"info","msg":"Starting server on port 8000","time":"2023-04-27T21:59:45+07:00"}
{"level":"info","msg":"Starting server on port 8000","time":"2023-04-27T22:01:33+07:00"}
{"level":"info","msg":"Starting server on port 8000","time":"2023-04-27T22:03:34+07:00"}
{"level":"info","msg":"Shutting down server","time":"2023-04-27T22:05:40+07:00"}
{"level":"info","msg":"Starting server on port 8000","time":"2023-04-27T22:05:51+07:00"}
{"level":"info","msg":"Starting server on port 8000","time":"2023-04-27T22:06:58+07:00"}
{"level":"info","msg":"Shutting down server","time":"2023-04-27T22:13:59+07:00"}
{"level":"info","msg":"Starting server on port 8000","time":"2023-04-27T22:14:28+07:00"}
{"level":"info","msg":"Shutting down server","time":"2023-04-27T22:16:09+07:00"}
{"level":"info","msg":"Starting server on port 8000","time":"2023-04-27T22:16:16+07:00"}
{"level":"info","msg":"Shutting down server","time":"2023-04-27T22:18:52+07:00"}
{"level":"info","msg":"Starting server on port 8000","time":"2023-04-27T22:18:59+07:00"}
{"level":"info","msg":"Shutting down server","time":"2023-04-27T22:35:04+07:00"}
{"level":"info","msg":"Starting server on port 8000","time":"2023-04-27T22:35:50+07:00"}
{"level":"info","msg":"Shutting down server","time":"2023-04-27T22:38:26+07:00"}
{"level":"info","msg":"Starting server on port 8000","time":"2023-04-27T22:38:40+07:00"}
{"level":"info","msg":"Shutting down server","time":"2023-04-27T22:50:16+07:00"}
{"level":"info","msg":"Starting server on port 8000","time":"2023-04-27T22:50:23+07:00"}
{"level":"info","msg":"Shutting down server","time":"2023-04-27T22:53:04+07:00"}
{"level":"info","msg":"Starting server on port 8000","time":"2023-04-27T22:54:38+07:00"}
{"level":"info","msg":"Shutting down server","time":"2023-04-27T23:28:15+07:00"}
{"level":"info","msg":"Starting server on port 8000","time":"2023-04-27T23:28:23+07:00"}
{"level":"info","msg":"Shutting down server","time":"2023-04-27T23:30:10+07:00"}
{"level":"info","msg":"Starting server on port 8000","time":"2023-04-28T13:01:58+07:00"}
{"level":"error","msg":"Failed to publish to NSQ: dial tcp [::1]:4150: i/o timeout","time":"2023-04-28T13:03:45+07:00"}
{"level":"error","msg":"Failed to publish to NSQ: dial tcp [::1]:4150: i/o timeout","time":"2023-04-28T13:06:54+07:00"}
{"level":"info","msg":"Shutting down server","time":"2023-04-28T13:31:13+07:00"}
{"level":"info","msg":"Starting server on port 8000","time":"2023-04-28T13:31:21+07:00"}
{"level":"info","msg":"Shutting down server","time":"2023-04-28T13:35:04+07:00"}
{"level":"info","msg":"Starting server on port 8000","time":"2023-04-28T13:35:28+07:00"}
{"level":"info","msg":"Shutting down server","time":"2023-04-28T13:38:10+07:00"}
{"level":"info","msg":"Starting server on port 8000","time":"2023-04-28T13:38:17+07:00"}
{"level":"info","msg":"Shutting down server","time":"2023-04-28T13:38:20+07:00"}
{"level":"info","msg":"Starting server on port 8000","time":"2023-04-28T13:38:30+07:00"}
{"level":"info","msg":"Shutting down server","time":"2023-04-28T13:46:22+07:00"}
{"level":"info","msg":"Starting server on port 8000","time":"2023-04-29T02:32:07+07:00"}
{"level":"info","msg":"Shutting down server","time":"2023-04-29T02:33:41+07:00"}
{"level":"info","msg":"Starting server on port 8000","time":"2023-04-29T02:33:48+07:00"}
{"level":"info","msg":"Shutting down server","time":"2023-04-29T02:34:29+07:00"}
{"level":"info","msg":"Starting server on port 8000","time":"2023-04-29T02:34:36+07:00"}
{"level":"info","msg":"Shutting down server","time":"2023-04-29T02:47:19+07:00"}
{"level":"info","msg":"Starting server on port 8000","time":"2023-04-29T02:48:07+07:00"}
{"level":"error","msg":"error db : Error 1054 (42S22): Unknown column 'events.start_date' in 'where clause'","time":"2023-04-29T02:48:19+07:00"}
{"level":"info","msg":"Shutting down server","time":"2023-04-29T02:48:32+07:00"}
{"level":"info","msg":"Starting server on port 8000","time":"2023-04-29T02:49:08+07:00"}
{"level":"info","msg":"Shutting down server","time":"2023-04-29T02:56:24+07:00"}
{"level":"info","msg":"Starting server on port 8000","time":"2023-04-29T02:56:30+07:00"}
{"level":"info","msg":"Shutting down server","time":"2023-04-29T02:56:32+07:00"}
{"level":"info","msg":"Starting server on port 8000","time":"2023-04-29T03:03:16+07:00"}
{"level":"error","msg":"error db : Error 1064 (42000): You have an error in your SQL syntax; check the manual that corresponds to your MySQL server version for the right syntax to use near 'events e on e.id = transactions.event_id WHERE transactions.user_id = ? AND tran' at line 1","time":"2023-04-29T03:03:28+07:00"}
{"level":"info","msg":"Shutting down server","time":"2023-04-29T03:05:32+07:00"}
{"level":"info","msg":"Starting server on port 8000","time":"2023-04-29T03:05:37+07:00"}
{"level":"error","msg":"error db : Error 1054 (42S22): Unknown column 'user_id' in 'field list'","time":"2023-04-29T03:05:50+07:00"}
{"level":"info","msg":"Shutting down server","time":"2023-04-29T03:06:02+07:00"}
{"level":"info","msg":"Starting server on port 8000","time":"2023-04-29T03:06:08+07:00"}
{"level":"info","msg":"Shutting down server","time":"2023-04-29T03:07:49+07:00"}
{"level":"info","msg":"Starting server on port 8000","time":"2023-04-29T03:08:04+07:00"}
{"level":"info","msg":"Shutting down server","time":"2023-04-29T03:08:21+07:00"}
{"level":"info","msg":"Starting server on port 8000","time":"2023-04-29T03:10:07+07:00"}
{"level":"info","msg":"Shutting down server","time":"2023-04-29T03:13:11+07:00"}
{"level":"info","msg":"Starting server on port 8000","time":"2023-04-29T03:13:18+07:00"}
{"level":"info","msg":"Shutting down server","time":"2023-04-29T03:18:52+07:00"}
{"level":"info","msg":"Starting server on port 8000","time":"2023-04-29T03:20:22+07:00"}
{"level":"info","msg":"Shutting down server","time":"2023-04-29T03:24:46+07:00"}
{"level":"info","msg":"Starting server on port 8000","time":"2023-04-29T03:26:39+07:00"}
{"level":"info","msg":"Shutting down server","time":"2023-04-29T03:26:56+07:00"}
{"level":"info","msg":"Starting server on port 8000","time":"2023-04-29T03:27:17+07:00"}
{"level":"info","msg":"Shutting down server","time":"2023-04-29T03:28:40+07:00"}
{"level":"info","msg":"Starting server on port 8000","time":"2023-04-29T03:28:46+07:00"}
{"level":"info","msg":"Shutting down server","time":"2023-04-29T03:36:14+07:00"}
{"level":"info","msg":"Starting server on port 8000","time":"2023-04-29T03:36:20+07:00"}
{"level":"info","msg":"Shutting down server","time":"2023-04-29T03:43:27+07:00"}
{"level":"info","msg":"Starting server on port 8000","time":"2023-04-29T03:43:38+07:00"}
{"level":"info","msg":"Shutting down server","time":"2023-04-29T03:45:34+07:00"}
{"level":"info","msg":"Starting server on port 8000","time":"2023-04-29T03:47:23+07:00"}
{"level":"info","msg":"Starting server on port 8000","time":"2023-04-29T03:48:18+07:00"}
{"level":"info","msg":"Starting server on port 8000","time":"2023-04-29T06:38:25+07:00"}
{"level":"info","msg":"Starting server on port 8000","time":"2023-04-29T06:39:57+07:00"}
{"level":"info","msg":"Shutting down server","time":"2023-04-29T06:43:13+07:00"}
{"level":"info","msg":"Starting server on port 8000","time":"2023-04-29T06:50:09+07:00"}
{"level":"info","msg":"Shutting down server","time":"2023-04-29T06:50:29+07:00"}
{"level":"info","msg":"Starting server on port 8000","time":"2023-04-29T06:51:08+07:00"}
{"level":"info","msg":"Shutting down server","time":"2023-04-29T06:54:27+07:00"}
{"level":"info","msg":"Starting server on port 8000","time":"2023-04-29T06:55:52+07:00"}
{"level":"info","msg":"Shutting down server","time":"2023-04-29T06:57:41+07:00"}
{"level":"info","msg":"Starting server on port 8000","time":"2023-04-29T06:57:47+07:00"}
{"level":"info","msg":"Shutting down server","time":"2023-04-29T06:58:58+07:00"}
{"level":"info","msg":"Starting server on port 8000","time":"2023-04-29T06:59:05+07:00"}
{"level":"info","msg":"Shutting down server","time":"2023-04-29T06:59:34+07:00"}
{"level":"info","msg":"Starting server on port 8000","time":"2023-04-29T06:59:47+07:00"}
{"level":"info","msg":"Shutting down server","time":"2023-04-29T07:02:04+07:00"}
{"level":"info","msg":"Starting server on port 8000","time":"2023-04-29T07:14:09+07:00"}
{"level":"info","msg":"Shutting down server","time":"2023-04-29T07:14:11+07:00"}
{"level":"info","msg":"Starting server on port 8000","time":"2023-04-29T07:14:31+07:00"}
{"level":"info","msg":"Shutting down server","time":"2023-04-29T07:16:27+07:00"}
{"level":"info","msg":"Starting server on port 8000","time":"2023-04-29T07:16:33+07:00"}
{"level":"info","msg":"Shutting down server","time":"2023-04-29T07:32:41+07:00"}
{"level":"info","msg":"Starting server on port 8000","time":"2023-04-29T07:32:52+07:00"}
{"level":"info","msg":"Shutting down server","time":"2023-04-29T07:33:25+07:00"}
{"level":"info","msg":"Starting server on port 8000","time":"2023-04-29T07:50:56+07:00"}
{"level":"info","msg":"Shutting down server","time":"2023-04-29T07:51:37+07:00"}
{"level":"info","msg":"Starting server on port 8000","time":"2023-04-29T07:57:49+07:00"}
{"level":"info","msg":"Shutting down server","time":"2023-04-29T07:57:52+07:00"}
{"level":"info","msg":"Starting server on port 8000","time":"2023-04-29T07:58:16+07:00"}
{"level":"info","msg":"Shutting down server","time":"2023-04-29T08:01:13+07:00"}
{"level":"info","msg":"Starting server on port 8000","time":"2023-04-29T08:01:54+07:00"}
{"level":"info","msg":"Shutting down server","time":"2023-04-29T08:11:05+07:00"}
{"level":"info","msg":"Starting server on port 8000","time":"2023-04-29T08:11:25+07:00"}
{"level":"info","msg":"Shutting down server","time":"2023-04-29T08:12:26+07:00"}
{"level":"info","msg":"Starting server on port 8000","time":"2023-04-29T08:12:56+07:00"}
{"level":"info","msg":"Shutting down server","time":"2023-04-29T08:13:25+07:00"}
{"level":"info","msg":"Starting server on port 8000","time":"2023-04-29T08:13:43+07:00"}
{"level":"info","msg":"Shutting down server","time":"2023-04-29T08:16:09+07:00"}
{"level":"info","msg":"Starting server on port 8000","time":"2023-04-29T08:16:19+07:00"}
{"level":"info","msg":"Shutting down server","time":"2023-04-29T08:17:17+07:00"}
{"level":"info","msg":"Starting server on port 8000","time":"2023-04-29T09:01:03+07:00"}
{"level":"info","msg":"Shutting down server","time":"2023-04-29T09:05:12+07:00"}
{"level":"info","msg":"Starting server on port 8000","time":"2023-04-29T09:49:41+07:00"}
{"level":"info","msg":"Shutting down server","time":"2023-04-29T09:50:10+07:00"}
{"level":"info","msg":"Starting server on port 80","time":"2023-04-29T13:17:04+07:00"}
{"level":"info","msg":"Shutting down server","time":"2023-04-29T13:17:06+07:00"}
{"level":"info","msg":"Starting server on port 8000","time":"2023-04-29T13:17:20+07:00"}
{"level":"error","msg":"Failed to publish to NSQ: dial tcp [::1]:4150: i/o timeout","time":"2023-04-29T13:18:38+07:00"}
{"level":"error","msg":"Failed to publish to NSQ: dial tcp [::1]:4150: i/o timeout","time":"2023-04-29T13:19:52+07:00"}
{"level":"info","msg":"Shutting down server","time":"2023-04-29T13:58:36+07:00"}
{"level":"info","msg":"Starting server on port 80","time":"2023-04-29T16:26:00+07:00"}
{"level":"info","msg":"Shutting down server","time":"2023-04-29T16:26:54+07:00"}
{"level":"info","msg":"Starting server on port 8000","time":"2023-04-29T16:27:09+07:00"}
{"level":"error","msg":"error db : sql: expected 2 arguments, got 1","time":"2023-04-29T16:27:37+07:00"}
{"level":"info","msg":"Shutting down server","time":"2023-04-29T16:27:53+07:00"}
{"level":"info","msg":"Starting server on port 8000","time":"2023-04-29T16:28:00+07:00"}
{"level":"info","msg":"Starting server on port 8000","time":"2023-04-29T16:29:52+07:00"}
{"level":"info","msg":"Shutting down server","time":"2023-04-29T16:30:57+07:00"}
{"level":"info","msg":"Starting server on port 8000","time":"2023-04-29T16:44:02+07:00"}
{"level":"info","msg":"Shutting down server","time":"2023-04-29T16:44:51+07:00"}
{"level":"info","msg":"Starting server on port 8000","time":"2023-04-29T16:50:57+07:00"}
{"level":"info","msg":"Shutting down server","time":"2023-04-29T16:53:17+07:00"}
{"level":"info","msg":"Starting server on port 8000","time":"2023-04-30T07:42:57+07:00"}
{"level":"info","msg":"Shutting down server","time":"2023-04-30T07:46:49+07:00"}
{"level":"info","msg":"Starting server on port 8000","time":"2023-04-30T08:34:56+07:00"}
{"level":"error","msg":"Error Db : Cart data does not exist","time":"2023-04-30T08:36:19+07:00"}
{"level":"info","msg":"Shutting down server","time":"2023-04-30T08:37:30+07:00"}
{"level":"info","msg":"Starting server on port 8000","time":"2023-04-30T08:39:05+07:00"}
{"level":"info","msg":"Shutting down server","time":"2023-04-30T08:39:31+07:00"}
{"level":"info","msg":"Starting server on port 8000","time":"2023-04-30T09:57:20+07:00"}
{"level":"info","msg":"Shutting down server","time":"2023-04-30T09:58:14+07:00"}
{"level":"info","msg":"Starting server on port 8000","time":"2023-04-30T09:58:19+07:00"}
{"level":"error","msg":"Failed to publish to NSQ: dial tcp [::1]:4150: i/o timeout","time":"2023-04-30T09:59:13+07:00"}
{"level":"info","msg":"Shutting down server","time":"2023-04-30T10:01:46+07:00"}
{"level":"info","msg":"Starting server on port 8000","time":"2023-04-30T10:02:37+07:00"}
{"level":"error","msg":"Failed to publish to NSQ: dial tcp [::1]:4150: i/o timeout","time":"2023-04-30T10:02:53+07:00"}
{"level":"error","msg":"Failed to publish to NSQ: dial tcp [::1]:4150: i/o timeout","time":"2023-04-30T10:04:02+07:00"}
{"level":"info","msg":"Shutting down server","time":"2023-04-30T10:04:28+07:00"}
{"level":"info","msg":"Starting server on port 8000","time":"2023-04-30T10:04:41+07:00"}
{"level":"info","msg":"Shutting down server","time":"2023-04-30T10:06:42+07:00"}
{"level":"info","msg":"Starting server on port 8000","time":"2023-04-30T13:14:21+07:00"}
{"level":"error","msg":"Failed to publish to NSQ: dial tcp [::1]:4150: i/o timeout","time":"2023-04-30T13:15:03+07:00"}
{"level":"error","msg":"Failed to publish to NSQ: dial tcp [::1]:4150: i/o timeout","time":"2023-04-30T13:18:25+07:00"}
{"level":"info","msg":"Shutting down server","time":"2023-04-30T13:19:17+07:00"}
{"level":"info","msg":"Starting server on port 8000","time":"2023-04-30T22:13:27+07:00"}
{"level":"info","msg":"Shutting down server","time":"2023-04-30T22:21:35+07:00"}
{"level":"info","msg":"Starting server on port 8000","time":"2023-04-30T22:21:41+07:00"}
{"level":"info","msg":"Shutting down server","time":"2023-04-30T22:22:44+07:00"}
{"level":"info","msg":"Starting server on port 8000","time":"2023-04-30T22:23:04+07:00"}
{"level":"info","msg":"Shutting down server","time":"2023-04-30T22:24:02+07:00"}
{"level":"info","msg":"Starting server on port 8000","time":"2023-04-30T22:24:15+07:00"}
{"level":"info","msg":"Shutting down server","time":"2023-04-30T22:24:17+07:00"}
{"level":"info","msg":"Starting server on port 8000","time":"2023-04-30T22:25:54+07:00"}
{"level":"info","msg":"Shutting down server","time":"2023-04-30T22:26:44+07:00"}
{"level":"info","msg":"Starting server on port 8000","time":"2023-04-30T22:27:00+07:00"}
{"level":"info","msg":"Shutting down server","time":"2023-04-30T22:27:03+07:00"}
{"level":"info","msg":"Starting server on port 8000","time":"2023-04-30T22:27:27+07:00"}
{"level":"info","msg":"Shutting down server","time":"2023-04-30T22:31:28+07:00"}
{"level":"info","msg":"Starting server on port 8000","time":"2023-04-30T22:31:36+07:00"}
{"level":"info","msg":"Shutting down server","time":"2023-04-30T22:32:31+07:00"}
{"level":"info","msg":"Starting server on port 8000","time":"2023-04-30T22:33:13+07:00"}
{"level":"info","msg":"Starting server on port 8000","time":"2023-04-30T23:52:56+07:00"}
{"level":"info","msg":"Shutting down server","time":"2023-04-30T23:54:27+07:00"}
{"level":"info","msg":"Starting server on port 8000","time":"2023-04-30T23:54:33+07:00"}
{"level":"info","msg":"Shutting down server","time":"2023-04-30T23:54:53+07:00"}
{"level":"info","msg":"Starting server on port 8000","time":"2023-04-30T23:55:18+07:00"}
{"level":"info","msg":"Shutting down server","time":"2023-04-30T23:55:25+07:00"}
{"level":"info","msg":"Starting server on port 8000","time":"2023-04-30T23:55:35+07:00"}
{"level":"info","msg":"Shutting down server","time":"2023-04-30T23:56:03+07:00"}
{"level":"info","msg":"Starting server on port 8000","time":"2023-05-01T00:01:13+07:00"}
{"level":"info","msg":"Shutting down server","time":"2023-05-01T00:01:50+07:00"}
{"level":"info","msg":"Starting server on port 8000","time":"2023-05-01T06:17:37+07:00"}
{"level":"error","msg":"error DB: Error 1054 (42S22): Unknown column 'transaction_invoice' in 'where clause'","time":"2023-05-01T06:27:04+07:00"}
{"level":"info","msg":"Shutting down server","time":"2023-05-01T06:27:54+07:00"}
{"level":"info","msg":"Starting server on port 8000","time":"2023-05-01T06:27:59+07:00"}
{"level":"info","msg":"Shutting down server","time":"2023-05-01T06:28:26+07:00"}
{"level":"info","msg":"Starting server on port 8000","time":"2023-05-01T06:28:36+07:00"}
{"level":"info","msg":"Shutting down server","time":"2023-05-01T06:29:40+07:00"}
{"level":"info","msg":"Starting server on port 8000","time":"2023-05-01T06:29:47+07:00"}
{"level":"info","msg":"Shutting down server","time":"2023-05-01T06:30:32+07:00"}
{"level":"info","msg":"Starting server on port 8000","time":"2023-05-01T06:30:53+07:00"}
{"level":"error","msg":"error DB: sql: expected 9 destination arguments in Scan, not 1","time":"2023-05-01T06:31:04+07:00"}
{"level":"info","msg":"Shutting down server","time":"2023-05-01T06:31:08+07:00"}
{"level":"info","msg":"Starting server on port 8000","time":"2023-05-01T06:31:42+07:00"}
{"level":"error","msg":"error DB: sql: expected 9 destination arguments in Scan, not 1","time":"2023-05-01T06:31:56+07:00"}
{"level":"info","msg":"Shutting down server","time":"2023-05-01T06:32:01+07:00"}
{"level":"info","msg":"Starting server on port 8000","time":"2023-05-01T06:38:04+07:00"}
{"level":"error","msg":"error DB: Error 1054 (42S22): Unknown column 'transaction_items.qty' in 'field list'","time":"2023-05-01T06:38:18+07:00"}
{"level":"info","msg":"Shutting down server","time":"2023-05-01T06:42:02+07:00"}
{"level":"info","msg":"Starting server on port 8000","time":"2023-05-01T06:42:07+07:00"}
{"level":"error","msg":"error DB: Error 1054 (42S22): Unknown column 'transaction_items.qty' in 'field list'","time":"2023-05-01T06:42:32+07:00"}
{"level":"info","msg":"Shutting down server","time":"2023-05-01T06:42:59+07:00"}
{"level":"info","msg":"Starting server on port 8000","time":"2023-05-01T06:43:10+07:00"}
{"level":"error","msg":"error DB: Error 1054 (42S22): Unknown column 'transaction.invoice' in 'where clause'","time":"2023-05-01T06:43:29+07:00"}
{"level":"info","msg":"Shutting down server","time":"2023-05-01T06:44:33+07:00"}
{"level":"info","msg":"Starting server on port 8000","time":"2023-05-01T06:44:38+07:00"}
{"level":"error","msg":"error DB: Error 1054 (42S22): Unknown column 'transaction.invoice' in 'where clause'","time":"2023-05-01T06:44:50+07:00"}
{"level":"info","msg":"Shutting down server","time":"2023-05-01T06:45:17+07:00"}
{"level":"info","msg":"Starting server on port 8000","time":"2023-05-01T06:45:24+07:00"}
{"level":"error","msg":"error DB: Error 1140 (42000): In aggregated query without GROUP BY, expression #2 of SELECT list contains nonaggregated column 'project3.transactions.event_id'; this is incompatible with sql_mode=only_full_group_by","time":"2023-05-01T06:45:38+07:00"}
{"level":"info","msg":"Shutting down server","time":"2023-05-01T06:46:57+07:00"}
{"level":"info","msg":"Starting server on port 8000","time":"2023-05-01T06:47:03+07:00"}
{"level":"info","msg":"Shutting down server","time":"2023-05-01T06:49:28+07:00"}
{"level":"info","msg":"Starting server on port 8000","time":"2023-05-01T06:49:42+07:00"}
{"level":"info","msg":"Shutting down server","time":"2023-05-01T06:50:01+07:00"}
{"level":"info","msg":"Starting server on port 8000","time":"2023-05-01T10:13:17+07:00"}
{"level":"info","msg":"Shutting down server","time":"2023-05-01T10:13:20+07:00"}
{"level":"info","msg":"Starting server on port 8000","time":"2023-05-01T10:15:30+07:00"}
{"level":"error","msg":"Error Db : Cart data does not exist","time":"2023-05-01T10:16:32+07:00"}
{"level":"info","msg":"Shutting down server","time":"2023-05-01T10:18:21+07:00"}
{"level":"info","msg":"Starting server on port 8000","time":"2023-05-01T10:19:13+07:00"}
{"level":"info","msg":"Shutting down server","time":"2023-05-01T10:22:09+07:00"}
{"level":"info","msg":"Starting server on port 8000","time":"2023-05-01T10:22:42+07:00"}
{"level":"error","msg":"[ERROR] When Binding Midtrans Reponse : code=400, message=Unmarshal type error: expected=int, got=string, field=gross_amount, offset=526, internal=json: cannot unmarshal string into Go struct field MidtransNotifResponse.gross_amount of type int","time":"2023-05-01T10:23:54+07:00"}
{"level":"error","msg":"[ERROR] When Binding Midtrans Reponse : code=400, message=Unmarshal type error: expected=int, got=string, field=gross_amount, offset=569, internal=json: cannot unmarshal string into Go struct field MidtransNotifResponse.gross_amount of type int","time":"2023-05-01T10:24:55+07:00"}
{"level":"error","msg":"[ERROR] When Binding Midtrans Reponse : code=400, message=Unmarshal type error: expected=int, got=string, field=gross_amount, offset=526, internal=json: cannot unmarshal string into Go struct field MidtransNotifResponse.gross_amount of type int","time":"2023-05-01T10:26:24+07:00"}
{"level":"error","msg":"[ERROR] When Binding Midtrans Reponse : code=400, message=Unmarshal type error: expected=int, got=string, field=gross_amount, offset=569, internal=json: cannot unmarshal string into Go struct field MidtransNotifResponse.gross_amount of type int","time":"2023-05-01T10:28:46+07:00"}
{"level":"error","msg":"[ERROR] When Refund transaction : Midtrans API is returning API error. HTTP status code: 500 API response: {\"status_code\":\"500\",\"status_message\":\"Sorry. Our system is recovering from unexpected issues. Please retry.\",\"id\":\"b1194881-85af-43cb-9b44-f0a6aed3212f\"}: Midtrans API is returning API error. HTTP status code: 500 API response: {\"status_code\":\"500\",\"status_message\":\"Sorry. Our system is recovering from unexpected issues. Please retry.\",\"id\":\"b1194881-85af-43cb-9b44-f0a6aed3212f\"}","time":"2023-05-01T10:28:47+07:00"}
{"level":"error","msg":"[ERROR] When Binding Midtrans Reponse : code=400, message=Unmarshal type error: expected=int, got=string, field=gross_amount, offset=527, internal=json: cannot unmarshal string into Go struct field MidtransNotifResponse.gross_amount of type int","time":"2023-05-01T10:34:00+07:00"}
{"level":"error","msg":"[ERROR] When Binding Midtrans Reponse : code=400, message=Unmarshal type error: expected=int, got=string, field=gross_amount, offset=570, internal=json: cannot unmarshal string into Go struct field MidtransNotifResponse.gross_amount of type int","time":"2023-05-01T10:35:26+07:00"}
{"level":"error","msg":"[ERROR] When Refund transaction : Midtrans API is returning API error. HTTP status code: 500 API response: {\"status_code\":\"500\",\"status_message\":\"Sorry. Our system is recovering from unexpected issues. Please retry.\",\"id\":\"e9643bd3-0f4a-425b-bd58-207be201bc69\"}: Midtrans API is returning API error. HTTP status code: 500 API response: {\"status_code\":\"500\",\"status_message\":\"Sorry. Our system is recovering from unexpected issues. Please retry.\",\"id\":\"e9643bd3-0f4a-425b-bd58-207be201bc69\"}","time":"2023-05-01T10:35:26+07:00"}
{"level":"error","msg":"[ERROR] When Binding Midtrans Reponse : code=400, message=Unmarshal type error: expected=int, got=string, field=gross_amount, offset=526, internal=json: cannot unmarshal string into Go struct field MidtransNotifResponse.gross_amount of type int","time":"2023-05-01T11:22:23+07:00"}
{"level":"error","msg":"Error Db : Cart data does not exist","time":"2023-05-01T11:22:40+07:00"}
{"level":"error","msg":"[ERROR] When Binding Midtrans Reponse : code=400, message=Unmarshal type error: expected=int, got=string, field=gross_amount, offset=441, internal=json: cannot unmarshal string into Go struct field MidtransNotifResponse.gross_amount of type int","time":"2023-05-01T11:22:41+07:00"}
{"level":"error","msg":"[ERROR] When Binding Midtrans Reponse : code=400, message=Unmarshal type error: expected=int, got=string, field=gross_amount, offset=441, internal=json: cannot unmarshal string into Go struct field MidtransNotifResponse.gross_amount of type int","time":"2023-05-01T11:24:17+07:00"}
{"level":"error","msg":"[ERROR] When Binding Midtrans Reponse : code=400, message=Unmarshal type error: expected=int, got=string, field=gross_amount, offset=484, internal=json: cannot unmarshal string into Go struct field MidtransNotifResponse.gross_amount of type int","time":"2023-05-01T11:24:45+07:00"}
{"level":"error","msg":"[ERROR] When Binding Midtrans Reponse : code=400, message=Unmarshal type error: expected=int, got=string, field=gross_amount, offset=721, internal=json: cannot unmarshal string into Go struct field MidtransNotifResponse.gross_amount of type int","time":"2023-05-01T11:26:22+07:00"}
{"level":"error","msg":"[ERROR] When Binding Midtrans Reponse : code=400, message=Unmarshal type error: expected=int, got=string, field=gross_amount, offset=788, internal=json: cannot unmarshal string into Go struct field MidtransNotifResponse.gross_amount of type int","time":"2023-05-01T11:26:22+07:00"}
{"level":"error","msg":"[ERROR] When Binding Midtrans Reponse : code=400, message=Unmarshal type error: expected=int, got=string, field=gross_amount, offset=440, internal=json: cannot unmarshal string into Go struct field MidtransNotifResponse.gross_amount of type int","time":"2023-05-01T11:27:42+07:00"}
{"level":"error","msg":"[ERROR] When Binding Midtrans Reponse : code=400, message=Unmarshal type error: expected=int, got=string, field=gross_amount, offset=525, internal=json: cannot unmarshal string into Go struct field MidtransNotifResponse.gross_amount of type int","time":"2023-05-01T11:28:24+07:00"}
{"level":"info","msg":"Shutting down server","time":"2023-05-01T12:08:10+07:00"}
{"level":"info","msg":"Starting server on port 8000","time":"2023-05-01T12:10:00+07:00"}
{"level":"info","msg":"Shutting down server","time":"2023-05-01T12:10:28+07:00"}
{"level":"info","msg":"Starting server on port 8000","time":"2023-05-01T12:17:29+07:00"}
{"level":"error","msg":"[ERROR] When Binding Midtrans Reponse : code=400, message=Unmarshal type error: expected=int, got=string, field=gross_amount, offset=441, internal=json: cannot unmarshal string into Go struct field MidtransNotifResponse.gross_amount of type int","time":"2023-05-01T12:18:13+07:00"}
{"level":"error","msg":"[ERROR] When Binding Midtrans Reponse : code=400, message=Unmarshal type error: expected=int, got=string, field=gross_amount, offset=484, internal=json: cannot unmarshal string into Go struct field MidtransNotifResponse.gross_amount of type int","time":"2023-05-01T12:20:19+07:00"}
{"level":"error","msg":"[ERROR] When Refund transaction : Midtrans API is returning API error. HTTP status code: 406 API response: {\"status_code\":\"406\",\"status_message\":\"Duplicate refund ID\",\"id\":\"2391c1e5-a8f5-41d9-b5e8-ddd117fc59f7\"}: Midtrans API is returning API error. HTTP status code: 406 API response: {\"status_code\":\"406\",\"status_message\":\"Duplicate refund ID\",\"id\":\"2391c1e5-a8f5-41d9-b5e8-ddd117fc59f7\"}","time":"2023-05-01T12:20:19+07:00"}
{"level":"error","msg":"[ERROR] When Binding Midtrans Reponse : code=400, message=Unmarshal type error: expected=int, got=string, field=gross_amount, offset=729, internal=json: cannot unmarshal string into Go struct field MidtransNotifResponse.gross_amount of type int","time":"2023-05-01T12:26:00+07:00"}
{"level":"error","msg":"[ERROR] When Binding Midtrans Reponse : code=400, message=Unmarshal type error: expected=int, got=string, field=gross_amount, offset=796, internal=json: cannot unmarshal string into Go struct field MidtransNotifResponse.gross_amount of type int","time":"2023-05-01T12:26:00+07:00"}
{"level":"info","msg":"Shutting down server","time":"2023-05-01T12:26:14+07:00"}
{"level":"info","msg":"Starting server on port 8000","time":"2023-05-01T12:29:24+07:00"}
{"level":"error","msg":"[ERROR] When Binding Midtrans Reponse : code=400, message=Unmarshal type error: expected=int, got=string, field=gross_amount, offset=441, internal=json: cannot unmarshal string into Go struct field MidtransNotifResponse.gross_amount of type int","time":"2023-05-01T12:29:54+07:00"}
{"level":"error","msg":"[ERROR] When Binding Midtrans Reponse : code=400, message=Unmarshal type error: expected=int, got=string, field=gross_amount, offset=484, internal=json: cannot unmarshal string into Go struct field MidtransNotifResponse.gross_amount of type int","time":"2023-05-01T12:30:38+07:00"}
{"level":"error","msg":"[ERROR] When Binding Midtrans Reponse : code=400, message=Unmarshal type error: expected=int, got=string, field=gross_amount, offset=796, internal=json: cannot unmarshal string into Go struct field MidtransNotifResponse.gross_amount of type int","time":"2023-05-01T12:30:39+07:00"}
{"level":"error","msg":"[ERROR] When Binding Midtrans Reponse : code=400, message=Unmarshal type error: expected=int, got=string, field=gross_amount, offset=729, internal=json: cannot unmarshal string into Go struct field MidtransNotifResponse.gross_amount of type int","time":"2023-05-01T12:30:39+07:00"}
{"level":"error","msg":"Error Db : Cart data does not exist","time":"2023-05-01T12:32:43+07:00"}
{"level":"error","msg":"[ERROR] When Binding Midtrans Reponse : code=400, message=Unmarshal type error: expected=int, got=string, field=gross_amount, offset=526, internal=json: cannot unmarshal string into Go struct field MidtransNotifResponse.gross_amount of type int","time":"2023-05-01T12:32:43+07:00"}
{"level":"error","msg":"[ERROR] When Binding Midtrans Reponse : code=400, message=Unmarshal type error: expected=int, got=string, field=gross_amount, offset=569, internal=json: cannot unmarshal string into Go struct field MidtransNotifResponse.gross_amount of type int","time":"2023-05-01T12:33:45+07:00"}
{"level":"error","msg":"[ERROR] When Binding Midtrans Reponse : code=400, message=Unmarshal type error: expected=int, got=string, field=gross_amount, offset=527, internal=json: cannot unmarshal string into Go struct field MidtransNotifResponse.gross_amount of type int","time":"2023-05-01T12:36:56+07:00"}
{"level":"error","msg":"[ERROR] When Binding Midtrans Reponse : code=400, message=Unmarshal type error: expected=int, got=string, field=gross_amount, offset=570, internal=json: cannot unmarshal string into Go struct field MidtransNotifResponse.gross_amount of type int","time":"2023-05-01T12:37:54+07:00"}
{"level":"info","msg":"Shutting down server","time":"2023-05-01T13:52:32+07:00"}
{"level":"info","msg":"Starting server on port 8000","time":"2023-05-01T13:52:39+07:00"}
{"level":"error","msg":"[ERROR] When Binding Midtrans Reponse : code=400, message=Unmarshal type error: expected=int, got=string, field=gross_amount, offset=526, internal=json: cannot unmarshal string into Go struct field MidtransNotifResponse.gross_amount of type int","time":"2023-05-01T13:53:47+07:00"}
{"level":"error","msg":"[ERROR] When Binding Midtrans Reponse : code=400, message=Unmarshal type error: expected=int, got=string, field=gross_amount, offset=569, internal=json: cannot unmarshal string into Go struct field MidtransNotifResponse.gross_amount of type int","time":"2023-05-01T13:54:36+07:00"}
{"level":"error","msg":"error db :WHERE conditions required","time":"2023-05-01T13:54:36+07:00"}
{"level":"info","msg":"Shutting down server","time":"2023-05-01T13:55:44+07:00"}
{"level":"info","msg":"Starting server on port 8000","time":"2023-05-01T13:55:51+07:00"}
{"level":"error","msg":"[ERROR] When Binding Midtrans Reponse : code=400, message=Unmarshal type error: expected=int, got=string, field=gross_amount, offset=526, internal=json: cannot unmarshal string into Go struct field MidtransNotifResponse.gross_amount of type int","time":"2023-05-01T13:56:17+07:00"}
{"level":"error","msg":"[ERROR] When Binding Midtrans Reponse : code=400, message=Unmarshal type error: expected=int, got=string, field=gross_amount, offset=569, internal=json: cannot unmarshal string into Go struct field MidtransNotifResponse.gross_amount of type int","time":"2023-05-01T13:56:35+07:00"}
{"level":"info","msg":"Shutting down server","time":"2023-05-01T14:02:51+07:00"}
{"level":"info","msg":"Starting server on port 8000","time":"2023-05-01T14:55:06+07:00"}
{"level":"info","msg":"Shutting down server","time":"2023-05-01T14:55:32+07:00"}
